\BOOKMARK [1][-]{section*.2}{\376\377\000T\000i\000m\000e\000\040\000B\000i\000n\000s\000\040\000w\000i\000t\000h\000\040\000s\000a\000m\000p\000l\000e\000\040\000s\000i\000z\000e\000s}{}% 1
\BOOKMARK [1][-]{section*.3}{\376\377\000M\000a\000p\000s}{}% 2
\BOOKMARK [2][-]{section*.4}{\376\377\000f\000o\000s\000s\000i\000l\000\040\000o\000c\000c\000u\000r\000e\000n\000c\000e\000s\000\040\000o\000f\000\040\000t\000e\000s\000t\000u\000d\000i\000n\000i\000d\000a\000e}{section*.3}% 3
\BOOKMARK [2][-]{section*.5}{\376\377\000b\000o\000d\000y\000\040\000s\000i\000z\000e\000\040\000o\000f\000\040\000t\000e\000s\000t\000u\000d\000i\000n\000i\000d\000a\000e}{section*.3}% 4
\BOOKMARK [1][-]{section*.6}{\376\377\000S\000a\000m\000p\000l\000i\000n\000g\000\040\000A\000c\000c\000u\000m\000u\000l\000a\000t\000i\000o\000n\000\040\000C\000u\000r\000v\000e}{}% 5
\BOOKMARK [1][-]{section*.7}{\376\377\000H\000i\000s\000t\000o\000g\000r\000a\000m\000s}{}% 6
\BOOKMARK [2][-]{section*.8}{\376\377\000a\000l\000l}{section*.7}% 7
\BOOKMARK [2][-]{section*.9}{\376\377\000p\000e\000r\000\040\000t\000i\000m\000e\000\040\000b\000i\000n}{section*.7}% 8
\BOOKMARK [2][-]{section*.10}{\376\377\000c\000o\000n\000t\000i\000n\000e\000n\000t\000a\000l\000\040\000v\000s\000.\000\040\000i\000n\000s\000u\000l\000a\000r}{section*.7}% 9
\BOOKMARK [2][-]{section*.11}{\376\377\000c\000o\000n\000t\000i\000n\000e\000n\000t\000s}{section*.7}% 10
\BOOKMARK [1][-]{section*.12}{\376\377\000B\000o\000x\000p\000l\000o\000t\000s}{}% 11
\BOOKMARK [2][-]{section*.13}{\376\377\000g\000e\000n\000e\000r\000a\000\040\000p\000e\000r\000\040\000t\000i\000m\000e\000\040\000b\000i\000n\000s}{section*.12}% 12
\BOOKMARK [2][-]{section*.14}{\376\377\000c\000o\000n\000t\000i\000n\000e\000n\000t\000a\000l\000\040\000v\000s\000.\000\040\000i\000n\000s\000u\000l\000a\000r\000\040\000p\000e\000r\000\040\000t\000i\000m\000e\000\040\000b\000i\000n}{section*.12}% 13
\BOOKMARK [2][-]{section*.15}{\376\377\000c\000o\000n\000t\000i\000n\000e\000n\000t\000a\000l\000\040\000v\000s\000.\000\040\000i\000n\000s\000u\000l\000a\000r}{section*.12}% 14
\BOOKMARK [2][-]{section*.16}{\376\377\000c\000o\000n\000t\000i\000n\000e\000n\000t\000a\000l\000\040\000v\000s\000.\000\040\000i\000n\000s\000u\000l\000a\000r\000\040\000p\000e\000r\000\040\000t\000i\000m\000e\000\040\000b\000i\000n}{section*.12}% 15
\BOOKMARK [2][-]{section*.17}{\376\377\000c\000o\000n\000t\000i\000n\000e\000n\000t\000s}{section*.12}% 16
\BOOKMARK [1][-]{section*.18}{\376\377\000p\000a\000l\000e\000o\000T\000S\000\040\000a\000n\000a\000l\000y\000s\000i\000s}{}% 17
\BOOKMARK [2][-]{section*.19}{\376\377\000a\000l\000l\000\040\000\050\000c\000o\000n\000t\000i\000n\000e\000n\000t\000a\000l\000\040\000a\000n\000d\000\040\000i\000n\000s\000u\000l\000a\000r\000\051}{section*.18}% 18
\BOOKMARK [2][-]{section*.23}{\376\377\000c\000o\000n\000t\000i\000n\000e\000n\000t\000a\000l\000\040\000\050\000e\000x\000c\000l\000u\000d\000i\000n\000g\000\040\000i\000n\000s\000u\000l\000a\000r\000\040\000s\000p\000e\000c\000i\000e\000s\000\051}{section*.18}% 19
\BOOKMARK [2][-]{section*.27}{\376\377\000i\000n\000s\000u\000l\000a\000r\000\040\000\050\000e\000x\000c\000l\000u\000d\000i\000n\000g\000\040\000c\000o\000n\000t\000i\000n\000e\000n\000t\000a\000l\000\051}{section*.18}% 20
\BOOKMARK [2][-]{section*.31}{\376\377\000p\000l\000a\000y\000\040\000w\000i\000t\000h\000\040\000t\000i\000m\000e\000\040\000b\000i\000n\000s\000:\000\040\000n\000o\000\040\000b\000i\000n\000s\000\040\000\050\000m\000e\000a\000n\000\040\000a\000g\000e\000\040\000o\000f\000\040\000e\000a\000c\000h\000\040\000s\000a\000m\000p\000l\000e\000\040\000=\000=\000\040\000t\000t\000\051}{section*.18}% 21
\BOOKMARK [2][-]{section*.32}{\376\377\000E\000q\000u\000a\000l\000\040\000t\000i\000m\000e\000\040\000b\000i\000n\000s}{section*.18}% 22
\BOOKMARK [2][-]{section*.36}{\376\377\000l\000a\000r\000g\000e\000r\000\040\000e\000q\000u\000a\000l\000\040\000b\000i\000n\000s}{section*.18}% 23
\BOOKMARK [2][-]{section*.38}{\376\377\000p\000e\000r\000\040\000c\000o\000n\000t\000i\000n\000e\000n\000t}{section*.18}% 24
